<?xml version="1.0" encoding="UTF-8"?>
<testsuite xmlns:xsi="http://www.w3.org/2001/XMLSchema-instance" xsi:noNamespaceSchemaLocation="https://maven.apache.org/surefire/maven-surefire-plugin/xsd/surefire-test-report.xsd" version="3.0.2" name="com.quizlabs.algebrator.AlgebratorApplicationTests" time="10.426" tests="1" errors="0" skipped="0" failures="0">
  <properties>
[...]
</properties>
  <testcase name="contextLoads" classname="com.quizlabs.algebrator.AlgebratorApplicationTests" time="1.546">
    <system-out><![CDATA[11:11:35.308 [main] INFO org.springframework.test.context.support.AnnotationConfigContextLoaderUtils -- Could not detect default configuration classes for test class [com.quizlabs.algebrator.AlgebratorApplicationTests]: AlgebratorApplicationTests does not declare any static, non-private, non-final, nested classes annotated with @Configuration.
11:11:35.574 [main] INFO org.springframework.boot.test.context.SpringBootTestContextBootstrapper -- Found @SpringBootConfiguration com.quizlabs.algebrator.AlgebratorApplication for test class com.quizlabs.algebrator.AlgebratorApplicationTests

  .   ____          _            __ _ _
 /\\ / ___'_ __ _ _(_)_ __  __ _ \ \ \ \
( ( )\___ | '_ | '_| | '_ \/ _` | \ \ \ \
 \\/  ___)| |_)| | | | | || (_| |  ) ) ) )
  '  |____| .__|_| |_|_| |_\__, | / / / /
 =========|_|==============|___/=/_/_/_/

 :: Spring Boot ::                (v3.4.1)

2025-01-20T11:11:36.652-05:00  INFO 13968 --- [algebrator] [           main] c.q.a.AlgebratorApplicationTests         : Starting AlgebratorApplicationTests using Java 17.0.12 with PID 13968 (started by quizz in C:\Users\quizz\Documents\GitHub\QuizProjs\algebrator)
2025-01-20T11:11:36.654-05:00  INFO 13968 --- [algebrator] [           main] c.q.a.AlgebratorApplicationTests         : No active profile set, falling back to 1 default profile: "default"
2025-01-20T11:11:43.679-05:00  INFO 13968 --- [algebrator] [           main] org.atmosphere.cpr.AtmosphereFramework   : Installed AtmosphereHandler com.vaadin.hilla.push.PushEndpoint mapped to context-path: /HILLA/push
2025-01-20T11:11:43.679-05:00  INFO 13968 --- [algebrator] [           main] org.atmosphere.cpr.AtmosphereFramework   : Installed the following AtmosphereInterceptor mapped to AtmosphereHandler com.vaadin.hilla.push.PushEndpoint
2025-01-20T11:11:43.679-05:00  INFO 13968 --- [algebrator] [           main] org.atmosphere.cpr.AtmosphereFramework   : 	org.atmosphere.interceptor.AtmosphereResourceLifecycleInterceptor : Atmosphere LifeCycle
2025-01-20T11:11:43.679-05:00  INFO 13968 --- [algebrator] [           main] org.atmosphere.cpr.AtmosphereFramework   : 	org.atmosphere.client.TrackMessageSizeInterceptor :  Track Message Size Interceptor using |
2025-01-20T11:11:43.679-05:00  INFO 13968 --- [algebrator] [           main] org.atmosphere.cpr.AtmosphereFramework   : 	org.atmosphere.interceptor.SuspendTrackerInterceptor : UUID Tracking Interceptor
2025-01-20T11:11:43.827-05:00  INFO 13968 --- [algebrator] [           main] c.q.a.AlgebratorApplicationTests         : Started AlgebratorApplicationTests in 7.939 seconds (process running for 10.099)
]]></system-out>
  </testcase>
</testsuite>